mode: atomic
ergo.services/ergo/gen/application.go:16.43,17.12 1 0
ergo.services/ergo/gen/application.go:18.32,19.21 1 0
ergo.services/ergo/gen/application.go:20.32,21.21 1 0
ergo.services/ergo/gen/application.go:22.10,23.21 1 0
ergo.services/ergo/gen/application.go:27.57,29.2 1 0
ergo.services/ergo/gen/application.go:31.44,32.12 1 0
ergo.services/ergo/gen/application.go:33.32,34.20 1 0
ergo.services/ergo/gen/application.go:35.31,36.19 1 0
ergo.services/ergo/gen/application.go:37.10,38.18 1 0
ergo.services/ergo/gen/application.go:42.58,44.2 1 0
ergo.services/ergo/gen/cert.go:19.58,23.2 1 0
ergo.services/ergo/gen/cert.go:25.53,29.2 3 0
ergo.services/ergo/gen/cert.go:31.98,32.62 1 0
ergo.services/ergo/gen/cert.go:32.62,36.3 3 0
ergo.services/ergo/gen/cert.go:39.57,43.2 3 0
ergo.services/ergo/gen/cron_action.go:21.109,27.2 1 0
ergo.services/ergo/gen/cron_action.go:37.78,44.2 2 0
ergo.services/ergo/gen/cron_action.go:46.45,48.2 1 0
ergo.services/ergo/gen/cron_action.go:64.95,65.20 1 0
ergo.services/ergo/gen/cron_action.go:65.20,66.39 1 0
ergo.services/ergo/gen/cron_action.go:69.2,69.39 1 0
ergo.services/ergo/gen/cron_action.go:69.39,71.3 1 0
ergo.services/ergo/gen/cron_action.go:73.2,79.28 3 0
ergo.services/ergo/gen/cron_action.go:79.28,82.3 2 0
ergo.services/ergo/gen/cron_action.go:84.2,86.12 2 0
ergo.services/ergo/gen/cron_action.go:89.76,94.51 3 0
ergo.services/ergo/gen/cron_action.go:94.51,96.3 1 0
ergo.services/ergo/gen/cron_action.go:97.2,101.32 4 0
ergo.services/ergo/gen/cron_action.go:101.32,105.3 2 0
ergo.services/ergo/gen/cron_action.go:106.2,108.12 2 0
ergo.services/ergo/gen/cron_action.go:111.43,113.2 1 0
ergo.services/ergo/gen/cron_action.go:117.99,123.28 2 0
ergo.services/ergo/gen/cron_action.go:123.28,127.3 2 0
ergo.services/ergo/gen/cron_action.go:129.2,131.13 2 0
ergo.services/ergo/gen/cron_action.go:141.83,143.16 2 0
ergo.services/ergo/gen/cron_action.go:143.16,145.3 1 0
ergo.services/ergo/gen/cron_action.go:147.2,151.52 3 0
ergo.services/ergo/gen/cron_action.go:151.52,153.3 1 0
ergo.services/ergo/gen/cron_action.go:154.2,158.33 4 0
ergo.services/ergo/gen/cron_action.go:158.33,162.3 2 0
ergo.services/ergo/gen/cron_action.go:163.2,165.12 2 0
ergo.services/ergo/gen/cron_action.go:168.50,170.2 1 0
ergo.services/ergo/gen/default_logger.go:14.18,16.3 1 0
ergo.services/ergo/gen/default_logger.go:90.71,94.18 3 0
ergo.services/ergo/gen/default_logger.go:94.18,96.3 1 0
ergo.services/ergo/gen/default_logger.go:98.2,104.11 6 0
ergo.services/ergo/gen/default_logger.go:116.43,117.18 1 0
ergo.services/ergo/gen/default_logger.go:117.18,119.3 1 0
ergo.services/ergo/gen/default_logger.go:119.8,121.3 1 0
ergo.services/ergo/gen/default_logger.go:124.47,127.15 2 0
ergo.services/ergo/gen/default_logger.go:127.15,130.3 2 0
ergo.services/ergo/gen/default_logger.go:133.2,134.21 2 0
ergo.services/ergo/gen/default_logger.go:134.21,136.3 1 0
ergo.services/ergo/gen/default_logger.go:137.2,143.20 3 0
ergo.services/ergo/gen/default_logger.go:143.20,145.3 1 0
ergo.services/ergo/gen/default_logger.go:145.8,149.3 3 0
ergo.services/ergo/gen/default_logger.go:152.2,153.55 2 0
ergo.services/ergo/gen/default_logger.go:153.55,155.3 1 0
ergo.services/ergo/gen/default_logger.go:155.8,159.3 3 0
ergo.services/ergo/gen/default_logger.go:162.2,167.22 4 0
ergo.services/ergo/gen/default_logger.go:167.22,169.3 1 0
ergo.services/ergo/gen/default_logger.go:169.8,173.3 2 0
ergo.services/ergo/gen/default_logger.go:174.2,177.42 2 0
ergo.services/ergo/gen/default_logger.go:177.42,179.34 2 0
ergo.services/ergo/gen/default_logger.go:179.34,180.13 1 0
ergo.services/ergo/gen/default_logger.go:180.13,182.5 1 0
ergo.services/ergo/gen/default_logger.go:183.4,187.22 5 0
ergo.services/ergo/gen/default_logger.go:189.3,189.21 1 0
ergo.services/ergo/gen/default_logger.go:192.2,195.35 2 0
ergo.services/ergo/gen/default_logger.go:199.83,200.30 1 0
ergo.services/ergo/gen/default_logger.go:201.22,204.24 3 0
ergo.services/ergo/gen/default_logger.go:205.25,210.24 5 0
ergo.services/ergo/gen/default_logger.go:211.25,216.38 4 0
ergo.services/ergo/gen/default_logger.go:216.38,220.4 3 0
ergo.services/ergo/gen/default_logger.go:222.3,222.24 1 0
ergo.services/ergo/gen/default_logger.go:222.24,226.4 3 0
ergo.services/ergo/gen/default_logger.go:227.3,227.21 1 0
ergo.services/ergo/gen/default_logger.go:228.22,233.24 4 0
ergo.services/ergo/gen/default_logger.go:233.24,237.4 3 0
ergo.services/ergo/gen/default_logger.go:238.3,238.21 1 0
ergo.services/ergo/gen/default_logger.go:239.10,242.24 3 0
ergo.services/ergo/gen/default_logger.go:247.80,248.27 1 0
ergo.services/ergo/gen/default_logger.go:249.14,250.37 1 0
ergo.services/ergo/gen/default_logger.go:251.11,252.51 1 0
ergo.services/ergo/gen/default_logger.go:253.13,254.60 1 0
ergo.services/ergo/gen/default_logger.go:255.13,256.67 1 0
ergo.services/ergo/gen/default_logger.go:257.15,258.71 1 0
ergo.services/ergo/gen/default_logger.go:259.15,260.80 1 0
ergo.services/ergo/gen/default_logger.go:261.12,262.8 1 0
ergo.services/ergo/gen/default_logger.go:262.8,264.4 1 0
ergo.services/ergo/gen/default_logger.go:264.9,266.4 1 0
ergo.services/ergo/gen/default_logger.go:267.10,269.56 1 0
ergo.services/ergo/gen/default_logger.go:274.82,275.22 1 0
ergo.services/ergo/gen/default_logger.go:275.22,276.12 1 0
ergo.services/ergo/gen/default_logger.go:277.12,278.25 1 0
ergo.services/ergo/gen/default_logger.go:279.13,280.25 1 0
ergo.services/ergo/gen/default_logger.go:281.13,282.25 1 0
ergo.services/ergo/gen/default_logger.go:283.13,284.25 1 0
ergo.services/ergo/gen/default_logger.go:285.13,286.25 1 0
ergo.services/ergo/gen/default_logger.go:287.13,288.25 1 0
ergo.services/ergo/gen/default_logger.go:289.13,290.25 1 0
ergo.services/ergo/gen/default_logger.go:291.11,292.16 1 0
ergo.services/ergo/gen/default_logger.go:292.16,300.5 6 0
ergo.services/ergo/gen/default_logger.go:300.10,302.5 1 0
ergo.services/ergo/gen/default_logger.go:307.52,310.15 2 0
ergo.services/ergo/gen/default_logger.go:310.15,313.3 2 0
ergo.services/ergo/gen/default_logger.go:316.2,317.21 2 0
ergo.services/ergo/gen/default_logger.go:317.21,319.3 1 0
ergo.services/ergo/gen/default_logger.go:320.2,323.20 2 0
ergo.services/ergo/gen/default_logger.go:323.20,325.3 1 0
ergo.services/ergo/gen/default_logger.go:325.8,327.3 1 0
ergo.services/ergo/gen/default_logger.go:330.2,338.19 5 0
ergo.services/ergo/gen/default_logger.go:338.19,339.33 1 0
ergo.services/ergo/gen/default_logger.go:340.26,341.22 1 0
ergo.services/ergo/gen/default_logger.go:341.22,344.5 2 0
ergo.services/ergo/gen/default_logger.go:349.2,349.23 1 0
ergo.services/ergo/gen/default_logger.go:349.23,350.33 1 0
ergo.services/ergo/gen/default_logger.go:351.26,353.33 2 0
ergo.services/ergo/gen/default_logger.go:354.23,356.33 2 0
ergo.services/ergo/gen/default_logger.go:360.2,363.22 2 0
ergo.services/ergo/gen/default_logger.go:363.22,365.3 1 0
ergo.services/ergo/gen/default_logger.go:365.8,369.3 2 0
ergo.services/ergo/gen/default_logger.go:372.2,372.42 1 0
ergo.services/ergo/gen/default_logger.go:372.42,375.21 2 0
ergo.services/ergo/gen/default_logger.go:375.21,377.4 1 0
ergo.services/ergo/gen/default_logger.go:379.3,381.18 2 0
ergo.services/ergo/gen/default_logger.go:381.18,383.4 1 0
ergo.services/ergo/gen/default_logger.go:384.3,387.40 2 0
ergo.services/ergo/gen/default_logger.go:390.2,394.16 3 0
ergo.services/ergo/gen/default_logger.go:394.16,397.3 1 0
ergo.services/ergo/gen/default_logger.go:401.77,402.30 1 0
ergo.services/ergo/gen/default_logger.go:403.22,404.36 1 0
ergo.services/ergo/gen/default_logger.go:405.25,408.36 3 0
ergo.services/ergo/gen/default_logger.go:409.25,410.36 1 0
ergo.services/ergo/gen/default_logger.go:411.22,412.37 1 0
ergo.services/ergo/gen/default_logger.go:413.10,414.34 1 0
ergo.services/ergo/gen/default_logger.go:419.87,420.31 1 0
ergo.services/ergo/gen/default_logger.go:420.31,421.12 1 0
ergo.services/ergo/gen/default_logger.go:421.12,423.4 1 0
ergo.services/ergo/gen/default_logger.go:424.3,426.47 3 0
ergo.services/ergo/gen/default_logger.go:431.83,432.27 1 0
ergo.services/ergo/gen/default_logger.go:433.14,434.21 1 0
ergo.services/ergo/gen/default_logger.go:435.11,436.35 1 0
ergo.services/ergo/gen/default_logger.go:437.13,438.44 1 0
ergo.services/ergo/gen/default_logger.go:439.13,440.51 1 0
ergo.services/ergo/gen/default_logger.go:441.15,442.55 1 0
ergo.services/ergo/gen/default_logger.go:443.15,444.64 1 0
ergo.services/ergo/gen/default_logger.go:445.12,446.8 1 0
ergo.services/ergo/gen/default_logger.go:446.8,448.4 1 0
ergo.services/ergo/gen/default_logger.go:448.9,450.4 1 0
ergo.services/ergo/gen/default_logger.go:451.10,453.28 1 0
ergo.services/ergo/gen/default_logger.go:457.38,457.39 0 0
ergo.services/ergo/gen/default_target_manager.go:16.49,21.2 1 11
ergo.services/ergo/gen/default_target_manager.go:23.77,28.44 4 29
ergo.services/ergo/gen/default_target_manager.go:28.44,30.3 1 1
ergo.services/ergo/gen/default_target_manager.go:33.2,38.35 3 28
ergo.services/ergo/gen/default_target_manager.go:38.35,40.3 1 19
ergo.services/ergo/gen/default_target_manager.go:41.2,43.19 2 28
ergo.services/ergo/gen/default_target_manager.go:46.80,51.45 4 7
ergo.services/ergo/gen/default_target_manager.go:51.45,53.3 1 1
ergo.services/ergo/gen/default_target_manager.go:55.2,59.61 3 6
ergo.services/ergo/gen/default_target_manager.go:59.61,61.27 2 6
ergo.services/ergo/gen/default_target_manager.go:61.27,64.4 2 3
ergo.services/ergo/gen/default_target_manager.go:67.2,67.18 1 6
ergo.services/ergo/gen/default_target_manager.go:70.68,77.2 5 16
ergo.services/ergo/gen/default_target_manager.go:79.79,87.32 5 2
ergo.services/ergo/gen/default_target_manager.go:87.32,88.31 1 4
ergo.services/ergo/gen/default_target_manager.go:88.31,89.12 1 1
ergo.services/ergo/gen/default_target_manager.go:92.3,100.11 6 3
ergo.services/ergo/gen/default_target_manager.go:100.11,102.4 1 2
ergo.services/ergo/gen/default_target_manager.go:103.3,103.48 1 3
ergo.services/ergo/gen/default_target_manager.go:106.2,106.32 1 2
ergo.services/ergo/gen/default_target_manager.go:109.65,116.61 4 1
ergo.services/ergo/gen/default_target_manager.go:116.61,117.31 1 1
ergo.services/ergo/gen/default_target_manager.go:117.31,120.4 2 3
ergo.services/ergo/gen/default_target_manager.go:122.3,122.33 1 1
ergo.services/ergo/gen/default_target_manager.go:125.2,125.18 1 1
ergo.services/ergo/gen/default_target_manager.go:128.70,135.32 4 2
ergo.services/ergo/gen/default_target_manager.go:135.32,137.32 1 7
ergo.services/ergo/gen/default_target_manager.go:137.32,146.28 5 1
ergo.services/ergo/gen/default_target_manager.go:146.28,148.5 1 1
ergo.services/ergo/gen/default_target_manager.go:149.4,149.12 1 1
ergo.services/ergo/gen/default_target_manager.go:153.3,154.34 2 6
ergo.services/ergo/gen/default_target_manager.go:155.12,156.34 1 2
ergo.services/ergo/gen/default_target_manager.go:157.18,158.34 1 1
ergo.services/ergo/gen/default_target_manager.go:159.14,160.34 1 1
ergo.services/ergo/gen/default_target_manager.go:161.14,162.34 1 1
ergo.services/ergo/gen/default_target_manager.go:163.13,164.29 1 1
ergo.services/ergo/gen/default_target_manager.go:167.3,167.28 1 6
ergo.services/ergo/gen/default_target_manager.go:167.28,168.12 1 0
ergo.services/ergo/gen/default_target_manager.go:172.3,178.27 5 6
ergo.services/ergo/gen/default_target_manager.go:178.27,180.4 1 6
ergo.services/ergo/gen/default_target_manager.go:183.2,183.29 1 2
ergo.services/ergo/gen/default_target_manager.go:186.75,191.32 4 2
ergo.services/ergo/gen/default_target_manager.go:191.32,192.31 1 2
ergo.services/ergo/gen/default_target_manager.go:192.31,194.4 1 2
ergo.services/ergo/gen/default_target_manager.go:197.2,197.16 1 2
ergo.services/ergo/gen/default_target_manager.go:200.73,205.19 4 3
ergo.services/ergo/gen/default_target_manager.go:205.19,207.3 1 2
ergo.services/ergo/gen/default_target_manager.go:209.2,210.26 2 1
ergo.services/ergo/gen/default_target_manager.go:210.26,212.3 1 2
ergo.services/ergo/gen/default_target_manager.go:214.2,214.18 1 1
ergo.services/ergo/gen/log.go:99.36,101.2 1 0
ergo.services/ergo/gen/mailbox.go:27.19,29.4 1 0
ergo.services/ergo/gen/mailbox.go:33.43,35.2 1 0
ergo.services/ergo/gen/mailbox.go:37.47,46.2 8 0
ergo.services/ergo/gen/meta.go:15.36,16.11 1 0
ergo.services/ergo/gen/meta.go:17.22,18.17 1 0
ergo.services/ergo/gen/meta.go:19.24,20.19 1 0
ergo.services/ergo/gen/meta.go:21.27,22.22 1 0
ergo.services/ergo/gen/meta.go:24.2,24.42 1 0
ergo.services/ergo/gen/meta.go:26.50,28.2 1 0
ergo.services/ergo/gen/network.go:285.39,286.12 1 0
ergo.services/ergo/gen/network.go:287.26,288.19 1 0
ergo.services/ergo/gen/network.go:289.25,290.18 1 0
ergo.services/ergo/gen/network.go:291.27,292.20 1 0
ergo.services/ergo/gen/network.go:295.2,295.51 1 0
ergo.services/ergo/gen/network.go:298.53,300.2 1 0
ergo.services/ergo/gen/network.go:397.54,400.24 3 0
ergo.services/ergo/gen/network.go:400.24,403.3 2 0
ergo.services/ergo/gen/network.go:404.2,405.34 2 0
ergo.services/ergo/gen/network.go:405.34,407.3 1 0
ergo.services/ergo/gen/network.go:408.2,408.45 1 0
ergo.services/ergo/gen/network.go:408.45,410.3 1 0
ergo.services/ergo/gen/network.go:411.2,411.36 1 0
ergo.services/ergo/gen/network.go:411.36,413.3 1 0
ergo.services/ergo/gen/network.go:414.2,414.35 1 0
ergo.services/ergo/gen/network.go:414.35,416.3 1 0
ergo.services/ergo/gen/network.go:417.2,417.34 1 0
ergo.services/ergo/gen/network.go:417.34,419.3 1 0
ergo.services/ergo/gen/network.go:420.2,420.40 1 0
ergo.services/ergo/gen/network.go:420.40,422.3 1 0
ergo.services/ergo/gen/network.go:423.2,425.12 3 0
ergo.services/ergo/gen/network.go:428.56,429.18 1 0
ergo.services/ergo/gen/network.go:429.18,431.3 1 0
ergo.services/ergo/gen/network.go:432.2,434.24 3 0
ergo.services/ergo/gen/network.go:434.24,436.3 1 0
ergo.services/ergo/gen/network.go:437.2,443.12 7 0
ergo.services/ergo/gen/network.go:455.60,458.2 1 0
ergo.services/ergo/gen/network.go:460.62,463.2 1 0
ergo.services/ergo/gen/node.go:628.44,629.12 1 0
ergo.services/ergo/gen/node.go:630.27,631.21 1 0
ergo.services/ergo/gen/node.go:632.28,633.22 1 0
ergo.services/ergo/gen/node.go:634.26,635.19 1 0
ergo.services/ergo/gen/node.go:636.10,637.37 1 0
ergo.services/ergo/gen/node.go:641.58,643.2 1 0
ergo.services/ergo/gen/node.go:645.38,646.12 1 0
ergo.services/ergo/gen/node.go:647.26,648.13 1 0
ergo.services/ergo/gen/node.go:649.27,650.13 1 0
ergo.services/ergo/gen/node.go:651.27,652.13 1 0
ergo.services/ergo/gen/node.go:653.10,654.11 1 0
ergo.services/ergo/gen/process.go:61.39,62.11 1 0
ergo.services/ergo/gen/process.go:63.24,64.16 1 0
ergo.services/ergo/gen/process.go:65.25,66.17 1 0
ergo.services/ergo/gen/process.go:67.27,68.19 1 0
ergo.services/ergo/gen/process.go:69.32,70.25 1 0
ergo.services/ergo/gen/process.go:71.30,72.22 1 0
ergo.services/ergo/gen/process.go:73.26,74.18 1 0
ergo.services/ergo/gen/process.go:76.2,76.42 1 0
ergo.services/ergo/gen/process.go:78.53,80.2 1 0
ergo.services/ergo/gen/process.go:772.43,773.12 1 0
ergo.services/ergo/gen/process.go:774.9,775.18 1 0
ergo.services/ergo/gen/process.go:776.9,777.16 1 0
ergo.services/ergo/gen/process.go:778.9,779.15 1 0
ergo.services/ergo/gen/process.go:781.2,781.20 1 0
ergo.services/ergo/gen/process.go:784.57,786.2 1 0
ergo.services/ergo/gen/types.go:22.31,24.2 1 0
ergo.services/ergo/gen/types.go:26.29,28.17 2 0
ergo.services/ergo/gen/types.go:28.17,30.3 1 0
ergo.services/ergo/gen/types.go:31.2,31.11 1 0
ergo.services/ergo/gen/types.go:34.30,35.43 1 0
ergo.services/ergo/gen/types.go:35.43,37.3 1 0
ergo.services/ergo/gen/types.go:38.2,38.13 1 0
ergo.services/ergo/gen/types.go:38.13,40.3 1 0
ergo.services/ergo/gen/types.go:41.2,43.13 3 0
ergo.services/ergo/gen/types.go:54.30,64.2 9 0
ergo.services/ergo/gen/types.go:66.44,68.2 1 0
ergo.services/ergo/gen/types.go:77.36,85.2 7 0
ergo.services/ergo/gen/types.go:86.50,88.2 1 0
ergo.services/ergo/gen/types.go:98.30,110.2 11 0
ergo.services/ergo/gen/types.go:114.32,116.2 1 0
ergo.services/ergo/gen/types.go:120.29,122.19 2 0
ergo.services/ergo/gen/types.go:122.19,124.3 1 0
ergo.services/ergo/gen/types.go:125.2,126.20 2 0
ergo.services/ergo/gen/types.go:126.20,128.3 1 0
ergo.services/ergo/gen/types.go:129.2,129.13 1 0
ergo.services/ergo/gen/types.go:132.44,134.2 1 0
ergo.services/ergo/gen/types.go:140.32,152.2 11 0
ergo.services/ergo/gen/types.go:154.46,156.2 1 0
ergo.services/ergo/gen/types.go:170.32,178.2 7 0
ergo.services/ergo/gen/types.go:179.46,181.2 1 0
ergo.services/ergo/gen/types.go:186.30,188.2 1 0
ergo.services/ergo/gen/types.go:189.44,191.2 1 0
ergo.services/ergo/gen/types.go:201.34,202.18 1 0
ergo.services/ergo/gen/types.go:202.18,204.3 1 0
ergo.services/ergo/gen/types.go:205.2,205.20 1 0
ergo.services/ergo/gen/types.go:205.20,207.3 1 0
ergo.services/ergo/gen/types.go:208.2,208.62 1 0
ergo.services/ergo/gen/types.go:211.31,212.18 1 0
ergo.services/ergo/gen/types.go:212.18,214.3 1 0
ergo.services/ergo/gen/types.go:215.2,215.48 1 0
ergo.services/ergo/gen/types.go:221.35,222.11 1 0
ergo.services/ergo/gen/types.go:223.21,224.17 1 0
ergo.services/ergo/gen/types.go:225.21,226.17 1 0
ergo.services/ergo/gen/types.go:227.20,228.16 1 0
ergo.services/ergo/gen/types.go:229.23,230.19 1 0
ergo.services/ergo/gen/types.go:231.21,232.17 1 0
ergo.services/ergo/gen/types.go:233.21,234.17 1 0
ergo.services/ergo/gen/types.go:235.24,236.20 1 0
ergo.services/ergo/gen/types.go:238.22,239.18 1 0
ergo.services/ergo/gen/types.go:241.2,241.28 1 0
ergo.services/ergo/gen/types.go:244.49,246.2 1 0
