mode: set
ergo.services/ergo/testing/unit/assertions.go:22.56,25.2 2 1
ergo.services/ergo/testing/unit/assertions.go:27.58,30.2 2 1
ergo.services/ergo/testing/unit/assertions.go:32.81,35.2 2 1
ergo.services/ergo/testing/unit/assertions.go:37.54,40.2 2 1
ergo.services/ergo/testing/unit/assertions.go:42.48,44.2 1 1
ergo.services/ergo/testing/unit/assertions.go:46.64,49.2 2 0
ergo.services/ergo/testing/unit/assertions.go:51.35,57.31 4 1
ergo.services/ergo/testing/unit/assertions.go:57.31,59.10 2 1
ergo.services/ergo/testing/unit/assertions.go:59.10,60.12 1 1
ergo.services/ergo/testing/unit/assertions.go:63.3,65.62 2 1
ergo.services/ergo/testing/unit/assertions.go:65.62,67.4 1 1
ergo.services/ergo/testing/unit/assertions.go:69.3,69.77 1 1
ergo.services/ergo/testing/unit/assertions.go:69.77,71.4 1 1
ergo.services/ergo/testing/unit/assertions.go:74.3,74.39 1 1
ergo.services/ergo/testing/unit/assertions.go:74.39,75.35 1 1
ergo.services/ergo/testing/unit/assertions.go:75.35,77.10 2 1
ergo.services/ergo/testing/unit/assertions.go:81.3,81.14 1 1
ergo.services/ergo/testing/unit/assertions.go:81.14,83.26 2 1
ergo.services/ergo/testing/unit/assertions.go:83.26,85.5 1 0
ergo.services/ergo/testing/unit/assertions.go:89.2,89.17 1 1
ergo.services/ergo/testing/unit/assertions.go:89.17,90.33 1 1
ergo.services/ergo/testing/unit/assertions.go:90.33,92.4 1 0
ergo.services/ergo/testing/unit/assertions.go:93.8,94.25 1 1
ergo.services/ergo/testing/unit/assertions.go:94.25,96.4 1 0
ergo.services/ergo/testing/unit/assertions.go:109.79,112.2 2 1
ergo.services/ergo/testing/unit/assertions.go:114.56,117.2 2 1
ergo.services/ergo/testing/unit/assertions.go:119.50,121.2 1 1
ergo.services/ergo/testing/unit/assertions.go:123.50,127.31 3 1
ergo.services/ergo/testing/unit/assertions.go:127.31,128.47 1 1
ergo.services/ergo/testing/unit/assertions.go:128.47,129.115 1 1
ergo.services/ergo/testing/unit/assertions.go:129.115,137.5 2 1
ergo.services/ergo/testing/unit/assertions.go:141.2,142.12 2 0
ergo.services/ergo/testing/unit/assertions.go:145.36,151.31 4 1
ergo.services/ergo/testing/unit/assertions.go:151.31,153.10 2 1
ergo.services/ergo/testing/unit/assertions.go:153.10,154.12 1 1
ergo.services/ergo/testing/unit/assertions.go:157.3,157.114 1 1
ergo.services/ergo/testing/unit/assertions.go:157.114,159.4 1 1
ergo.services/ergo/testing/unit/assertions.go:162.2,162.17 1 1
ergo.services/ergo/testing/unit/assertions.go:162.17,163.33 1 1
ergo.services/ergo/testing/unit/assertions.go:163.33,165.4 1 0
ergo.services/ergo/testing/unit/assertions.go:166.8,167.25 1 0
ergo.services/ergo/testing/unit/assertions.go:167.25,169.4 1 0
ergo.services/ergo/testing/unit/assertions.go:189.88,192.2 2 0
ergo.services/ergo/testing/unit/assertions.go:194.65,197.2 2 1
ergo.services/ergo/testing/unit/assertions.go:199.59,201.2 1 1
ergo.services/ergo/testing/unit/assertions.go:203.59,207.31 3 1
ergo.services/ergo/testing/unit/assertions.go:207.31,208.51 1 1
ergo.services/ergo/testing/unit/assertions.go:208.51,209.120 1 1
ergo.services/ergo/testing/unit/assertions.go:209.120,215.5 1 1
ergo.services/ergo/testing/unit/assertions.go:219.2,220.12 2 0
ergo.services/ergo/testing/unit/assertions.go:223.41,229.31 4 0
ergo.services/ergo/testing/unit/assertions.go:229.31,231.10 2 0
ergo.services/ergo/testing/unit/assertions.go:231.10,232.12 1 0
ergo.services/ergo/testing/unit/assertions.go:235.3,235.119 1 0
ergo.services/ergo/testing/unit/assertions.go:235.119,237.4 1 0
ergo.services/ergo/testing/unit/assertions.go:240.2,240.18 1 0
ergo.services/ergo/testing/unit/assertions.go:240.18,241.34 1 0
ergo.services/ergo/testing/unit/assertions.go:241.34,243.4 1 0
ergo.services/ergo/testing/unit/assertions.go:244.8,245.25 1 0
ergo.services/ergo/testing/unit/assertions.go:245.25,247.4 1 0
ergo.services/ergo/testing/unit/assertions.go:267.65,270.2 2 1
ergo.services/ergo/testing/unit/assertions.go:272.66,275.2 2 1
ergo.services/ergo/testing/unit/assertions.go:277.52,280.2 2 1
ergo.services/ergo/testing/unit/assertions.go:282.46,284.2 1 1
ergo.services/ergo/testing/unit/assertions.go:286.34,292.31 4 1
ergo.services/ergo/testing/unit/assertions.go:292.31,294.10 2 1
ergo.services/ergo/testing/unit/assertions.go:294.10,295.12 1 1
ergo.services/ergo/testing/unit/assertions.go:298.3,300.50 2 1
ergo.services/ergo/testing/unit/assertions.go:300.50,302.4 1 0
ergo.services/ergo/testing/unit/assertions.go:304.3,304.74 1 1
ergo.services/ergo/testing/unit/assertions.go:304.74,306.4 1 0
ergo.services/ergo/testing/unit/assertions.go:308.3,308.14 1 1
ergo.services/ergo/testing/unit/assertions.go:308.14,310.4 1 1
ergo.services/ergo/testing/unit/assertions.go:313.2,313.17 1 1
ergo.services/ergo/testing/unit/assertions.go:313.17,314.33 1 1
ergo.services/ergo/testing/unit/assertions.go:314.33,316.4 1 0
ergo.services/ergo/testing/unit/assertions.go:317.8,318.25 1 0
ergo.services/ergo/testing/unit/assertions.go:318.25,320.4 1 0
ergo.services/ergo/testing/unit/assertions.go:333.56,336.2 2 1
ergo.services/ergo/testing/unit/assertions.go:338.58,341.2 2 1
ergo.services/ergo/testing/unit/assertions.go:343.54,346.2 2 1
ergo.services/ergo/testing/unit/assertions.go:348.48,350.2 1 1
ergo.services/ergo/testing/unit/assertions.go:352.35,358.31 4 1
ergo.services/ergo/testing/unit/assertions.go:358.31,360.10 2 1
ergo.services/ergo/testing/unit/assertions.go:360.10,361.12 1 1
ergo.services/ergo/testing/unit/assertions.go:364.3,366.62 2 1
ergo.services/ergo/testing/unit/assertions.go:366.62,368.4 1 0
ergo.services/ergo/testing/unit/assertions.go:370.3,370.77 1 1
ergo.services/ergo/testing/unit/assertions.go:370.77,372.4 1 0
ergo.services/ergo/testing/unit/assertions.go:374.3,374.14 1 1
ergo.services/ergo/testing/unit/assertions.go:374.14,376.4 1 1
ergo.services/ergo/testing/unit/assertions.go:379.2,379.17 1 1
ergo.services/ergo/testing/unit/assertions.go:379.17,380.33 1 1
ergo.services/ergo/testing/unit/assertions.go:380.33,382.4 1 0
ergo.services/ergo/testing/unit/assertions.go:383.8,384.25 1 0
ergo.services/ergo/testing/unit/assertions.go:384.25,386.4 1 0
ergo.services/ergo/testing/unit/assertions.go:393.27,394.26 1 0
ergo.services/ergo/testing/unit/assertions.go:394.26,395.33 1 0
ergo.services/ergo/testing/unit/assertions.go:395.33,397.4 1 0
ergo.services/ergo/testing/unit/assertions.go:398.3,398.15 1 0
ergo.services/ergo/testing/unit/assertions.go:402.29,403.26 1 1
ergo.services/ergo/testing/unit/assertions.go:403.26,404.37 1 1
ergo.services/ergo/testing/unit/assertions.go:404.37,406.4 1 1
ergo.services/ergo/testing/unit/assertions.go:407.3,407.15 1 0
ergo.services/ergo/testing/unit/assertions.go:411.37,412.26 1 1
ergo.services/ergo/testing/unit/assertions.go:412.26,415.3 2 1
ergo.services/ergo/testing/unit/assertions.go:418.63,419.26 1 1
ergo.services/ergo/testing/unit/assertions.go:419.26,421.31 2 1
ergo.services/ergo/testing/unit/assertions.go:421.31,423.4 1 0
ergo.services/ergo/testing/unit/assertions.go:424.3,424.34 1 1
ergo.services/ergo/testing/unit/assertions.go:424.34,426.4 1 0
ergo.services/ergo/testing/unit/assertions.go:427.3,428.23 2 1
ergo.services/ergo/testing/unit/assertions.go:428.23,430.4 1 1
ergo.services/ergo/testing/unit/assertions.go:431.3,431.41 1 1
ergo.services/ergo/testing/unit/assertions.go:435.35,436.26 1 1
ergo.services/ergo/testing/unit/assertions.go:436.26,438.3 1 1
ergo.services/ergo/testing/unit/assertions.go:442.80,443.26 1 1
ergo.services/ergo/testing/unit/assertions.go:443.26,447.45 3 1
ergo.services/ergo/testing/unit/assertions.go:447.45,449.4 1 1
ergo.services/ergo/testing/unit/assertions.go:451.3,451.40 1 1
ergo.services/ergo/testing/unit/assertions.go:451.40,454.4 2 0
ergo.services/ergo/testing/unit/assertions.go:456.3,456.43 1 1
ergo.services/ergo/testing/unit/assertions.go:456.43,458.4 1 0
ergo.services/ergo/testing/unit/assertions.go:460.3,460.47 1 1
ergo.services/ergo/testing/unit/assertions.go:460.47,466.59 4 1
ergo.services/ergo/testing/unit/assertions.go:466.59,467.45 1 1
ergo.services/ergo/testing/unit/assertions.go:467.45,469.6 1 1
ergo.services/ergo/testing/unit/assertions.go:470.5,470.13 1 1
ergo.services/ergo/testing/unit/assertions.go:474.4,474.84 1 1
ergo.services/ergo/testing/unit/assertions.go:474.84,476.5 1 0
ergo.services/ergo/testing/unit/assertions.go:479.3,479.14 1 1
ergo.services/ergo/testing/unit/assertions.go:484.71,485.21 1 0
ergo.services/ergo/testing/unit/assertions.go:485.21,487.13 2 0
ergo.services/ergo/testing/unit/assertions.go:487.13,490.4 2 0
ergo.services/ergo/testing/unit/assertions.go:492.3,492.10 1 0
ergo.services/ergo/testing/unit/assertions.go:493.15,494.15 1 0
ergo.services/ergo/testing/unit/assertions.go:495.30,496.16 1 0
ergo.services/ergo/testing/unit/assertions.go:513.64,519.2 1 1
ergo.services/ergo/testing/unit/assertions.go:522.67,527.2 1 0
ergo.services/ergo/testing/unit/assertions.go:529.78,532.2 2 1
ergo.services/ergo/testing/unit/assertions.go:534.80,537.2 2 1
ergo.services/ergo/testing/unit/assertions.go:539.88,542.2 2 1
ergo.services/ergo/testing/unit/assertions.go:544.96,547.2 2 0
ergo.services/ergo/testing/unit/assertions.go:549.73,552.2 2 1
ergo.services/ergo/testing/unit/assertions.go:554.63,557.2 2 1
ergo.services/ergo/testing/unit/assertions.go:559.43,563.31 3 1
ergo.services/ergo/testing/unit/assertions.go:563.31,564.50 1 1
ergo.services/ergo/testing/unit/assertions.go:564.50,565.28 1 1
ergo.services/ergo/testing/unit/assertions.go:565.28,567.5 1 1
ergo.services/ergo/testing/unit/assertions.go:571.2,571.18 1 1
ergo.services/ergo/testing/unit/assertions.go:571.18,572.25 1 1
ergo.services/ergo/testing/unit/assertions.go:572.25,574.4 1 0
ergo.services/ergo/testing/unit/assertions.go:575.8,576.16 1 0
ergo.services/ergo/testing/unit/assertions.go:576.16,578.4 1 0
ergo.services/ergo/testing/unit/assertions.go:582.71,583.46 1 1
ergo.services/ergo/testing/unit/assertions.go:583.46,585.3 1 0
ergo.services/ergo/testing/unit/assertions.go:586.2,586.46 1 1
ergo.services/ergo/testing/unit/assertions.go:586.46,588.3 1 0
ergo.services/ergo/testing/unit/assertions.go:589.2,589.58 1 1
ergo.services/ergo/testing/unit/assertions.go:589.58,591.3 1 0
ergo.services/ergo/testing/unit/assertions.go:593.2,593.13 1 1
ergo.services/ergo/testing/unit/assertions.go:607.86,613.2 1 0
ergo.services/ergo/testing/unit/assertions.go:616.89,621.2 1 0
ergo.services/ergo/testing/unit/assertions.go:623.101,626.2 2 0
ergo.services/ergo/testing/unit/assertions.go:628.106,631.2 2 0
ergo.services/ergo/testing/unit/assertions.go:633.114,636.2 2 0
ergo.services/ergo/testing/unit/assertions.go:638.96,641.2 2 0
ergo.services/ergo/testing/unit/assertions.go:643.86,646.2 2 0
ergo.services/ergo/testing/unit/assertions.go:648.55,652.31 3 0
ergo.services/ergo/testing/unit/assertions.go:652.31,653.61 1 0
ergo.services/ergo/testing/unit/assertions.go:653.61,654.29 1 0
ergo.services/ergo/testing/unit/assertions.go:654.29,656.5 1 0
ergo.services/ergo/testing/unit/assertions.go:660.2,660.19 1 0
ergo.services/ergo/testing/unit/assertions.go:660.19,661.26 1 0
ergo.services/ergo/testing/unit/assertions.go:661.26,663.4 1 0
ergo.services/ergo/testing/unit/assertions.go:664.8,665.16 1 0
ergo.services/ergo/testing/unit/assertions.go:665.16,667.4 1 0
ergo.services/ergo/testing/unit/assertions.go:671.94,672.48 1 0
ergo.services/ergo/testing/unit/assertions.go:672.48,674.3 1 0
ergo.services/ergo/testing/unit/assertions.go:675.2,675.57 1 0
ergo.services/ergo/testing/unit/assertions.go:675.57,677.3 1 0
ergo.services/ergo/testing/unit/assertions.go:678.2,678.50 1 0
ergo.services/ergo/testing/unit/assertions.go:678.50,680.3 1 0
ergo.services/ergo/testing/unit/assertions.go:681.2,681.13 1 0
ergo.services/ergo/testing/unit/assertions.go:695.63,702.2 1 0
ergo.services/ergo/testing/unit/assertions.go:705.66,712.2 1 0
ergo.services/ergo/testing/unit/assertions.go:714.84,717.2 2 0
ergo.services/ergo/testing/unit/assertions.go:719.79,722.2 2 0
ergo.services/ergo/testing/unit/assertions.go:724.69,727.2 2 0
ergo.services/ergo/testing/unit/assertions.go:729.46,733.31 3 0
ergo.services/ergo/testing/unit/assertions.go:733.31,734.53 1 0
ergo.services/ergo/testing/unit/assertions.go:734.53,735.28 1 0
ergo.services/ergo/testing/unit/assertions.go:735.28,737.5 1 0
ergo.services/ergo/testing/unit/assertions.go:741.2,741.18 1 0
ergo.services/ergo/testing/unit/assertions.go:741.18,742.25 1 0
ergo.services/ergo/testing/unit/assertions.go:742.25,744.4 1 0
ergo.services/ergo/testing/unit/assertions.go:745.8,746.16 1 0
ergo.services/ergo/testing/unit/assertions.go:746.16,748.4 1 0
ergo.services/ergo/testing/unit/assertions.go:752.77,753.46 1 0
ergo.services/ergo/testing/unit/assertions.go:753.46,755.3 1 0
ergo.services/ergo/testing/unit/assertions.go:756.2,756.52 1 0
ergo.services/ergo/testing/unit/assertions.go:756.52,758.3 1 0
ergo.services/ergo/testing/unit/assertions.go:759.2,759.63 1 0
ergo.services/ergo/testing/unit/assertions.go:759.63,761.3 1 0
ergo.services/ergo/testing/unit/assertions.go:762.2,762.13 1 0
ergo.services/ergo/testing/unit/assertions.go:776.84,779.2 2 1
ergo.services/ergo/testing/unit/assertions.go:781.86,784.2 2 0
ergo.services/ergo/testing/unit/assertions.go:786.86,789.2 2 0
ergo.services/ergo/testing/unit/assertions.go:791.90,794.2 2 1
ergo.services/ergo/testing/unit/assertions.go:796.109,799.2 2 1
ergo.services/ergo/testing/unit/assertions.go:801.82,804.2 2 1
ergo.services/ergo/testing/unit/assertions.go:806.76,808.2 1 1
ergo.services/ergo/testing/unit/assertions.go:810.50,816.31 4 1
ergo.services/ergo/testing/unit/assertions.go:816.31,818.10 2 1
ergo.services/ergo/testing/unit/assertions.go:818.10,819.12 1 0
ergo.services/ergo/testing/unit/assertions.go:822.3,824.79 2 1
ergo.services/ergo/testing/unit/assertions.go:824.79,826.4 1 0
ergo.services/ergo/testing/unit/assertions.go:828.3,828.84 1 1
ergo.services/ergo/testing/unit/assertions.go:828.84,830.4 1 0
ergo.services/ergo/testing/unit/assertions.go:832.3,832.82 1 1
ergo.services/ergo/testing/unit/assertions.go:832.82,834.4 1 0
ergo.services/ergo/testing/unit/assertions.go:837.3,837.41 1 1
ergo.services/ergo/testing/unit/assertions.go:837.41,838.42 1 1
ergo.services/ergo/testing/unit/assertions.go:838.42,840.10 2 0
ergo.services/ergo/testing/unit/assertions.go:844.3,844.14 1 1
ergo.services/ergo/testing/unit/assertions.go:844.14,846.4 1 1
ergo.services/ergo/testing/unit/assertions.go:849.2,849.19 1 1
ergo.services/ergo/testing/unit/assertions.go:849.19,850.35 1 1
ergo.services/ergo/testing/unit/assertions.go:850.35,852.4 1 0
ergo.services/ergo/testing/unit/assertions.go:853.8,854.25 1 0
ergo.services/ergo/testing/unit/assertions.go:854.25,856.4 1 0
ergo.services/ergo/testing/unit/assertions.go:871.72,874.2 2 1
ergo.services/ergo/testing/unit/assertions.go:876.70,879.2 2 1
ergo.services/ergo/testing/unit/assertions.go:881.92,884.2 2 0
ergo.services/ergo/testing/unit/assertions.go:886.61,889.2 2 0
ergo.services/ergo/testing/unit/assertions.go:891.55,893.2 1 0
ergo.services/ergo/testing/unit/assertions.go:895.39,901.31 4 1
ergo.services/ergo/testing/unit/assertions.go:901.31,904.21 2 1
ergo.services/ergo/testing/unit/assertions.go:905.14,906.51 1 1
ergo.services/ergo/testing/unit/assertions.go:906.51,908.5 1 1
ergo.services/ergo/testing/unit/assertions.go:909.17,910.57 1 1
ergo.services/ergo/testing/unit/assertions.go:910.57,912.5 1 1
ergo.services/ergo/testing/unit/assertions.go:913.17,914.57 1 0
ergo.services/ergo/testing/unit/assertions.go:914.57,916.5 1 0
ergo.services/ergo/testing/unit/assertions.go:917.18,918.59 1 0
ergo.services/ergo/testing/unit/assertions.go:918.59,920.5 1 0
ergo.services/ergo/testing/unit/assertions.go:923.3,923.14 1 1
ergo.services/ergo/testing/unit/assertions.go:923.14,925.4 1 1
ergo.services/ergo/testing/unit/assertions.go:928.2,928.18 1 1
ergo.services/ergo/testing/unit/assertions.go:928.18,929.34 1 1
ergo.services/ergo/testing/unit/assertions.go:929.34,931.4 1 0
ergo.services/ergo/testing/unit/assertions.go:932.8,933.25 1 0
ergo.services/ergo/testing/unit/assertions.go:933.25,935.4 1 0
ergo.services/ergo/testing/unit/assertions.go:939.63,940.44 1 1
ergo.services/ergo/testing/unit/assertions.go:940.44,942.3 1 0
ergo.services/ergo/testing/unit/assertions.go:943.2,943.44 1 1
ergo.services/ergo/testing/unit/assertions.go:943.44,945.3 1 0
ergo.services/ergo/testing/unit/assertions.go:946.2,946.39 1 1
ergo.services/ergo/testing/unit/assertions.go:946.39,947.20 1 0
ergo.services/ergo/testing/unit/assertions.go:947.20,949.4 1 0
ergo.services/ergo/testing/unit/assertions.go:951.2,951.13 1 1
ergo.services/ergo/testing/unit/assertions.go:964.91,967.2 2 0
ergo.services/ergo/testing/unit/assertions.go:969.79,973.2 3 0
ergo.services/ergo/testing/unit/assertions.go:975.82,979.2 3 0
ergo.services/ergo/testing/unit/assertions.go:981.127,984.2 2 0
ergo.services/ergo/testing/unit/assertions.go:986.80,989.2 2 0
ergo.services/ergo/testing/unit/assertions.go:991.74,993.2 1 0
ergo.services/ergo/testing/unit/assertions.go:995.49,1001.31 4 0
ergo.services/ergo/testing/unit/assertions.go:1001.31,1002.57 1 0
ergo.services/ergo/testing/unit/assertions.go:1002.57,1003.40 1 0
ergo.services/ergo/testing/unit/assertions.go:1003.40,1005.5 1 0
ergo.services/ergo/testing/unit/assertions.go:1009.2,1009.19 1 0
ergo.services/ergo/testing/unit/assertions.go:1009.19,1010.35 1 0
ergo.services/ergo/testing/unit/assertions.go:1010.35,1012.4 1 0
ergo.services/ergo/testing/unit/assertions.go:1013.8,1014.25 1 0
ergo.services/ergo/testing/unit/assertions.go:1014.25,1016.4 1 0
ergo.services/ergo/testing/unit/assertions.go:1020.91,1021.48 1 0
ergo.services/ergo/testing/unit/assertions.go:1021.48,1023.3 1 0
ergo.services/ergo/testing/unit/assertions.go:1024.2,1024.26 1 0
ergo.services/ergo/testing/unit/assertions.go:1024.26,1026.33 2 0
ergo.services/ergo/testing/unit/assertions.go:1026.33,1028.4 1 0
ergo.services/ergo/testing/unit/assertions.go:1030.2,1030.40 1 0
ergo.services/ergo/testing/unit/assertions.go:1030.40,1031.22 1 0
ergo.services/ergo/testing/unit/assertions.go:1031.22,1033.4 1 0
ergo.services/ergo/testing/unit/assertions.go:1035.2,1035.13 1 0
ergo.services/ergo/testing/unit/assertions.go:1049.77,1052.2 2 1
ergo.services/ergo/testing/unit/assertions.go:1054.81,1057.2 2 1
ergo.services/ergo/testing/unit/assertions.go:1059.99,1062.2 2 1
ergo.services/ergo/testing/unit/assertions.go:1064.79,1067.2 2 1
ergo.services/ergo/testing/unit/assertions.go:1069.71,1072.2 2 1
ergo.services/ergo/testing/unit/assertions.go:1074.65,1076.2 1 1
ergo.services/ergo/testing/unit/assertions.go:1078.44,1084.31 4 1
ergo.services/ergo/testing/unit/assertions.go:1084.31,1086.10 2 1
ergo.services/ergo/testing/unit/assertions.go:1086.10,1087.12 1 0
ergo.services/ergo/testing/unit/assertions.go:1090.3,1092.72 2 1
ergo.services/ergo/testing/unit/assertions.go:1092.72,1094.4 1 1
ergo.services/ergo/testing/unit/assertions.go:1096.3,1096.86 1 1
ergo.services/ergo/testing/unit/assertions.go:1096.86,1098.4 1 1
ergo.services/ergo/testing/unit/assertions.go:1100.3,1100.75 1 1
ergo.services/ergo/testing/unit/assertions.go:1100.75,1102.4 1 1
ergo.services/ergo/testing/unit/assertions.go:1105.3,1105.40 1 1
ergo.services/ergo/testing/unit/assertions.go:1105.40,1106.40 1 1
ergo.services/ergo/testing/unit/assertions.go:1106.40,1108.10 2 1
ergo.services/ergo/testing/unit/assertions.go:1112.3,1112.14 1 1
ergo.services/ergo/testing/unit/assertions.go:1112.14,1114.4 1 1
ergo.services/ergo/testing/unit/assertions.go:1117.2,1117.18 1 1
ergo.services/ergo/testing/unit/assertions.go:1117.18,1118.34 1 1
ergo.services/ergo/testing/unit/assertions.go:1118.34,1120.4 1 0
ergo.services/ergo/testing/unit/assertions.go:1121.8,1122.25 1 0
ergo.services/ergo/testing/unit/assertions.go:1122.25,1124.4 1 0
ergo.services/ergo/testing/unit/events.go:27.34,29.2 1 0
ergo.services/ergo/testing/unit/events.go:31.36,33.2 1 0
ergo.services/ergo/testing/unit/events.go:44.42,46.2 1 0
ergo.services/ergo/testing/unit/events.go:48.44,50.2 1 0
ergo.services/ergo/testing/unit/events.go:61.47,63.2 1 0
ergo.services/ergo/testing/unit/events.go:65.49,67.2 1 0
ergo.services/ergo/testing/unit/events.go:77.35,79.2 1 0
ergo.services/ergo/testing/unit/events.go:81.37,83.2 1 0
ergo.services/ergo/testing/unit/events.go:92.39,94.2 1 0
ergo.services/ergo/testing/unit/events.go:96.41,98.2 1 0
ergo.services/ergo/testing/unit/events.go:110.34,112.2 1 0
ergo.services/ergo/testing/unit/events.go:114.36,116.2 1 0
ergo.services/ergo/testing/unit/events.go:125.33,127.2 1 0
ergo.services/ergo/testing/unit/events.go:129.35,131.2 1 0
ergo.services/ergo/testing/unit/events.go:139.34,141.2 1 0
ergo.services/ergo/testing/unit/events.go:143.36,145.2 1 0
ergo.services/ergo/testing/unit/events.go:153.38,155.2 1 0
ergo.services/ergo/testing/unit/events.go:157.40,159.2 1 0
ergo.services/ergo/testing/unit/events.go:166.37,168.2 1 0
ergo.services/ergo/testing/unit/events.go:170.39,172.2 1 0
ergo.services/ergo/testing/unit/events.go:179.39,181.2 1 0
ergo.services/ergo/testing/unit/events.go:183.41,185.2 1 0
ergo.services/ergo/testing/unit/events.go:192.34,194.2 1 0
ergo.services/ergo/testing/unit/events.go:196.36,198.2 1 0
ergo.services/ergo/testing/unit/events.go:205.36,207.2 1 0
ergo.services/ergo/testing/unit/events.go:209.38,211.2 1 0
ergo.services/ergo/testing/unit/events.go:220.38,222.2 1 0
ergo.services/ergo/testing/unit/events.go:224.40,226.2 1 0
ergo.services/ergo/testing/unit/events.go:236.39,238.2 1 0
ergo.services/ergo/testing/unit/events.go:240.41,242.2 1 0
ergo.services/ergo/testing/unit/events.go:250.42,252.2 1 0
ergo.services/ergo/testing/unit/events.go:254.44,256.2 1 0
ergo.services/ergo/testing/unit/events.go:263.44,265.2 1 0
ergo.services/ergo/testing/unit/events.go:267.46,269.2 1 0
ergo.services/ergo/testing/unit/events.go:276.35,278.2 1 0
ergo.services/ergo/testing/unit/events.go:280.37,282.2 1 0
ergo.services/ergo/testing/unit/events.go:327.41,329.2 1 0
ergo.services/ergo/testing/unit/events.go:331.43,332.22 1 0
ergo.services/ergo/testing/unit/events.go:332.22,334.3 1 0
ergo.services/ergo/testing/unit/events.go:335.2,335.69 1 0
ergo.services/ergo/testing/unit/events.go:338.52,340.2 1 0
ergo.services/ergo/testing/unit/events.go:342.54,344.2 1 0
ergo.services/ergo/testing/unit/events.go:346.44,348.2 1 0
ergo.services/ergo/testing/unit/events.go:350.46,352.2 1 0
ergo.services/ergo/testing/unit/events.go:354.42,356.2 1 0
ergo.services/ergo/testing/unit/events.go:358.44,360.2 1 0
ergo.services/ergo/testing/unit/events.go:362.40,364.2 1 0
ergo.services/ergo/testing/unit/events.go:366.42,368.2 1 0
ergo.services/ergo/testing/unit/events.go:375.40,377.2 1 0
ergo.services/ergo/testing/unit/events.go:379.42,381.2 1 0
ergo.services/ergo/testing/unit/events.go:388.43,390.2 1 0
ergo.services/ergo/testing/unit/events.go:392.45,394.2 1 0
ergo.services/ergo/testing/unit/events.go:401.43,403.2 1 0
ergo.services/ergo/testing/unit/events.go:405.45,407.2 1 0
ergo.services/ergo/testing/unit/events.go:414.44,416.2 1 0
ergo.services/ergo/testing/unit/events.go:418.46,420.2 1 0
ergo.services/ergo/testing/unit/events.go:430.46,432.2 1 0
ergo.services/ergo/testing/unit/events.go:434.48,435.20 1 0
ergo.services/ergo/testing/unit/events.go:435.20,437.3 1 0
ergo.services/ergo/testing/unit/events.go:438.2,438.74 1 0
ergo.services/ergo/testing/unit/log.go:22.82,30.2 1 1
ergo.services/ergo/testing/unit/log.go:34.41,36.2 1 1
ergo.services/ergo/testing/unit/log.go:38.55,41.2 2 1
ergo.services/ergo/testing/unit/log.go:43.36,45.2 1 0
ergo.services/ergo/testing/unit/log.go:47.43,49.2 1 0
ergo.services/ergo/testing/unit/log.go:51.44,55.2 3 0
ergo.services/ergo/testing/unit/log.go:57.54,59.2 1 0
ergo.services/ergo/testing/unit/log.go:61.51,62.22 1 0
ergo.services/ergo/testing/unit/log.go:62.22,64.3 1 0
ergo.services/ergo/testing/unit/log.go:66.2,67.27 2 0
ergo.services/ergo/testing/unit/log.go:67.27,69.3 1 0
ergo.services/ergo/testing/unit/log.go:71.2,72.30 2 0
ergo.services/ergo/testing/unit/log.go:72.30,73.41 1 0
ergo.services/ergo/testing/unit/log.go:73.41,75.4 1 0
ergo.services/ergo/testing/unit/log.go:78.2,78.23 1 0
ergo.services/ergo/testing/unit/log.go:81.37,87.2 4 0
ergo.services/ergo/testing/unit/log.go:89.36,90.24 1 0
ergo.services/ergo/testing/unit/log.go:90.24,92.3 1 0
ergo.services/ergo/testing/unit/log.go:95.2,98.22 4 0
ergo.services/ergo/testing/unit/log.go:101.54,103.2 1 0
ergo.services/ergo/testing/unit/log.go:105.54,107.2 1 1
ergo.services/ergo/testing/unit/log.go:109.53,111.2 1 1
ergo.services/ergo/testing/unit/log.go:113.56,115.2 1 1
ergo.services/ergo/testing/unit/log.go:117.54,119.2 1 1
ergo.services/ergo/testing/unit/log.go:121.54,123.2 1 0
ergo.services/ergo/testing/unit/log.go:125.72,126.22 1 1
ergo.services/ergo/testing/unit/log.go:126.22,128.3 1 1
ergo.services/ergo/testing/unit/log.go:130.2,135.4 2 1
ergo.services/ergo/testing/unit/network.go:67.51,84.2 1 1
ergo.services/ergo/testing/unit/network.go:88.58,90.2 1 1
ergo.services/ergo/testing/unit/network.go:92.39,94.2 1 0
ergo.services/ergo/testing/unit/network.go:96.54,99.2 2 0
ergo.services/ergo/testing/unit/network.go:101.44,103.2 1 0
ergo.services/ergo/testing/unit/network.go:105.51,107.2 1 0
ergo.services/ergo/testing/unit/network.go:109.55,111.2 1 0
ergo.services/ergo/testing/unit/network.go:113.63,115.2 1 0
ergo.services/ergo/testing/unit/network.go:117.59,119.34 2 0
ergo.services/ergo/testing/unit/network.go:119.34,121.3 1 0
ergo.services/ergo/testing/unit/network.go:122.2,122.23 1 0
ergo.services/ergo/testing/unit/network.go:125.67,126.61 1 1
ergo.services/ergo/testing/unit/network.go:126.61,128.3 1 1
ergo.services/ergo/testing/unit/network.go:129.2,129.33 1 1
ergo.services/ergo/testing/unit/network.go:132.70,133.43 1 1
ergo.services/ergo/testing/unit/network.go:133.43,136.3 2 1
ergo.services/ergo/testing/unit/network.go:139.2,148.18 3 1
ergo.services/ergo/testing/unit/network.go:151.103,154.2 1 0
ergo.services/ergo/testing/unit/network.go:156.42,158.34 2 1
ergo.services/ergo/testing/unit/network.go:158.34,159.21 1 1
ergo.services/ergo/testing/unit/network.go:159.21,161.4 1 1
ergo.services/ergo/testing/unit/network.go:163.2,163.40 1 1
ergo.services/ergo/testing/unit/network.go:163.40,165.3 1 1
ergo.services/ergo/testing/unit/network.go:166.2,166.14 1 1
ergo.services/ergo/testing/unit/network.go:169.88,172.2 2 1
ergo.services/ergo/testing/unit/network.go:174.55,177.2 2 0
ergo.services/ergo/testing/unit/network.go:179.72,182.39 2 1
ergo.services/ergo/testing/unit/network.go:182.39,184.17 2 1
ergo.services/ergo/testing/unit/network.go:184.17,185.12 1 0
ergo.services/ergo/testing/unit/network.go:187.3,187.14 1 1
ergo.services/ergo/testing/unit/network.go:187.14,189.4 1 1
ergo.services/ergo/testing/unit/network.go:193.2,193.41 1 1
ergo.services/ergo/testing/unit/network.go:193.41,195.3 1 0
ergo.services/ergo/testing/unit/network.go:197.2,197.20 1 1
ergo.services/ergo/testing/unit/network.go:200.66,201.33 1 0
ergo.services/ergo/testing/unit/network.go:201.33,202.95 1 0
ergo.services/ergo/testing/unit/network.go:202.95,204.4 1 0
ergo.services/ergo/testing/unit/network.go:206.2,206.10 1 0
ergo.services/ergo/testing/unit/network.go:209.98,212.2 2 0
ergo.services/ergo/testing/unit/network.go:214.60,217.2 2 0
ergo.services/ergo/testing/unit/network.go:219.82,222.44 2 0
ergo.services/ergo/testing/unit/network.go:222.44,224.17 2 0
ergo.services/ergo/testing/unit/network.go:224.17,225.12 1 0
ergo.services/ergo/testing/unit/network.go:227.3,227.14 1 0
ergo.services/ergo/testing/unit/network.go:227.14,229.4 1 0
ergo.services/ergo/testing/unit/network.go:232.2,232.20 1 0
ergo.services/ergo/testing/unit/network.go:235.61,237.2 1 0
ergo.services/ergo/testing/unit/network.go:239.73,241.2 1 0
ergo.services/ergo/testing/unit/network.go:243.103,246.2 2 0
ergo.services/ergo/testing/unit/network.go:248.76,249.21 1 0
ergo.services/ergo/testing/unit/network.go:249.21,251.3 1 0
ergo.services/ergo/testing/unit/network.go:251.8,253.47 1 0
ergo.services/ergo/testing/unit/network.go:253.47,255.41 2 0
ergo.services/ergo/testing/unit/network.go:255.41,257.36 2 0
ergo.services/ergo/testing/unit/network.go:257.36,258.30 1 0
ergo.services/ergo/testing/unit/network.go:258.30,260.12 2 0
ergo.services/ergo/testing/unit/network.go:263.5,263.13 1 0
ergo.services/ergo/testing/unit/network.go:263.13,265.6 1 0
ergo.services/ergo/testing/unit/network.go:267.4,267.27 1 0
ergo.services/ergo/testing/unit/network.go:267.27,269.5 1 0
ergo.services/ergo/testing/unit/network.go:269.10,272.5 2 0
ergo.services/ergo/testing/unit/network.go:275.2,275.12 1 0
ergo.services/ergo/testing/unit/network.go:278.86,281.2 2 0
ergo.services/ergo/testing/unit/network.go:283.87,284.21 1 0
ergo.services/ergo/testing/unit/network.go:284.21,286.3 1 0
ergo.services/ergo/testing/unit/network.go:286.8,288.51 1 0
ergo.services/ergo/testing/unit/network.go:288.51,290.41 2 0
ergo.services/ergo/testing/unit/network.go:290.41,292.36 2 0
ergo.services/ergo/testing/unit/network.go:292.36,293.30 1 0
ergo.services/ergo/testing/unit/network.go:293.30,295.12 2 0
ergo.services/ergo/testing/unit/network.go:298.5,298.13 1 0
ergo.services/ergo/testing/unit/network.go:298.13,300.6 1 0
ergo.services/ergo/testing/unit/network.go:302.4,302.27 1 0
ergo.services/ergo/testing/unit/network.go:302.27,304.5 1 0
ergo.services/ergo/testing/unit/network.go:304.10,307.5 2 0
ergo.services/ergo/testing/unit/network.go:310.2,310.12 1 0
ergo.services/ergo/testing/unit/network.go:313.55,326.34 3 1
ergo.services/ergo/testing/unit/network.go:326.34,328.3 1 0
ergo.services/ergo/testing/unit/network.go:331.2,331.37 1 1
ergo.services/ergo/testing/unit/network.go:331.37,337.3 1 0
ergo.services/ergo/testing/unit/network.go:340.2,340.41 1 1
ergo.services/ergo/testing/unit/network.go:340.41,345.3 1 0
ergo.services/ergo/testing/unit/network.go:347.2,347.18 1 1
ergo.services/ergo/testing/unit/network.go:350.46,352.2 1 0
ergo.services/ergo/testing/unit/network.go:355.53,357.2 1 0
ergo.services/ergo/testing/unit/network.go:360.84,371.2 3 1
ergo.services/ergo/testing/unit/network.go:375.43,377.2 1 1
ergo.services/ergo/testing/unit/network.go:379.42,381.2 1 1
ergo.services/ergo/testing/unit/network.go:383.52,385.2 1 0
ergo.services/ergo/testing/unit/network.go:387.49,389.2 1 1
ergo.services/ergo/testing/unit/network.go:391.53,393.2 1 1
ergo.services/ergo/testing/unit/network.go:395.106,398.2 1 1
ergo.services/ergo/testing/unit/network.go:400.133,402.2 1 1
ergo.services/ergo/testing/unit/network.go:404.97,406.2 1 1
ergo.services/ergo/testing/unit/network.go:408.106,410.2 1 0
ergo.services/ergo/testing/unit/network.go:412.106,414.2 1 0
ergo.services/ergo/testing/unit/network.go:416.106,418.2 1 1
ergo.services/ergo/testing/unit/network.go:420.44,422.2 1 0
ergo.services/ergo/testing/unit/network.go:424.40,426.2 1 1
ergo.services/ergo/testing/unit/network.go:430.51,432.2 1 1
ergo.services/ergo/testing/unit/network.go:434.61,436.2 1 1
ergo.services/ergo/testing/unit/network.go:438.59,440.2 1 1
ergo.services/ergo/testing/unit/network.go:442.60,444.2 1 1
ergo.services/ergo/testing/unit/network.go:446.56,448.2 1 0
ergo.services/ergo/testing/unit/network.go:452.40,454.2 1 0
ergo.services/ergo/testing/unit/network.go:456.49,458.2 1 0
ergo.services/ergo/testing/unit/network.go:460.56,462.2 1 0
ergo.services/ergo/testing/unit/network.go:464.64,466.2 1 0
ergo.services/ergo/testing/unit/network.go:468.45,470.2 1 0
ergo.services/ergo/testing/unit/network.go:472.52,474.2 1 0
ergo.services/ergo/testing/unit/network.go:476.48,478.2 1 0
ergo.services/ergo/testing/unit/node.go:39.85,55.24 3 1
ergo.services/ergo/testing/unit/node.go:55.24,56.33 1 1
ergo.services/ergo/testing/unit/node.go:56.33,58.4 1 1
ergo.services/ergo/testing/unit/node.go:62.2,72.11 3 1
ergo.services/ergo/testing/unit/node.go:77.37,79.2 1 1
ergo.services/ergo/testing/unit/node.go:81.36,83.2 1 1
ergo.services/ergo/testing/unit/node.go:85.36,87.2 1 0
ergo.services/ergo/testing/unit/node.go:89.43,95.2 1 0
ergo.services/ergo/testing/unit/node.go:97.52,103.2 1 0
ergo.services/ergo/testing/unit/node.go:105.50,114.2 1 0
ergo.services/ergo/testing/unit/node.go:116.47,118.27 2 0
ergo.services/ergo/testing/unit/node.go:118.27,120.3 1 0
ergo.services/ergo/testing/unit/node.go:121.2,121.15 1 0
ergo.services/ergo/testing/unit/node.go:124.53,125.18 1 0
ergo.services/ergo/testing/unit/node.go:125.18,127.3 1 0
ergo.services/ergo/testing/unit/node.go:127.8,129.3 1 0
ergo.services/ergo/testing/unit/node.go:132.51,135.2 2 0
ergo.services/ergo/testing/unit/node.go:137.59,138.41 1 0
ergo.services/ergo/testing/unit/node.go:138.41,140.3 1 0
ergo.services/ergo/testing/unit/node.go:141.2,141.12 1 0
ergo.services/ergo/testing/unit/node.go:144.113,160.2 4 0
ergo.services/ergo/testing/unit/node.go:162.140,164.16 2 0
ergo.services/ergo/testing/unit/node.go:164.16,166.3 1 0
ergo.services/ergo/testing/unit/node.go:168.2,173.17 2 0
ergo.services/ergo/testing/unit/node.go:176.68,182.2 2 0
ergo.services/ergo/testing/unit/node.go:184.68,187.2 2 0
ergo.services/ergo/testing/unit/node.go:189.68,193.2 1 0
ergo.services/ergo/testing/unit/node.go:195.71,200.2 1 0
ergo.services/ergo/testing/unit/node.go:202.54,204.32 2 0
ergo.services/ergo/testing/unit/node.go:204.32,206.3 1 0
ergo.services/ergo/testing/unit/node.go:207.2,207.18 1 0
ergo.services/ergo/testing/unit/node.go:210.92,212.32 2 0
ergo.services/ergo/testing/unit/node.go:212.32,217.3 1 0
ergo.services/ergo/testing/unit/node.go:218.2,218.19 1 0
ergo.services/ergo/testing/unit/node.go:221.73,223.2 1 0
ergo.services/ergo/testing/unit/node.go:226.97,228.16 2 0
ergo.services/ergo/testing/unit/node.go:228.16,230.3 1 0
ergo.services/ergo/testing/unit/node.go:233.2,240.23 2 0
ergo.services/ergo/testing/unit/node.go:243.81,248.2 1 0
ergo.services/ergo/testing/unit/node.go:250.60,253.2 2 0
ergo.services/ergo/testing/unit/node.go:255.91,263.2 2 0
ergo.services/ergo/testing/unit/node.go:265.100,267.2 1 0
ergo.services/ergo/testing/unit/node.go:269.100,271.2 1 0
ergo.services/ergo/testing/unit/node.go:273.100,275.2 1 0
ergo.services/ergo/testing/unit/node.go:277.58,283.2 2 0
ergo.services/ergo/testing/unit/node.go:285.63,291.2 2 0
ergo.services/ergo/testing/unit/node.go:293.92,295.2 1 0
ergo.services/ergo/testing/unit/node.go:297.47,299.2 1 0
ergo.services/ergo/testing/unit/node.go:301.54,303.2 1 0
ergo.services/ergo/testing/unit/node.go:306.68,308.2 1 0
ergo.services/ergo/testing/unit/node.go:310.41,312.2 1 0
ergo.services/ergo/testing/unit/node.go:314.43,316.2 1 1
ergo.services/ergo/testing/unit/node.go:319.37,321.2 1 1
ergo.services/ergo/testing/unit/node.go:323.51,325.2 1 0
ergo.services/ergo/testing/unit/node.go:327.52,329.2 1 0
ergo.services/ergo/testing/unit/node.go:331.29,333.2 0 0
ergo.services/ergo/testing/unit/node.go:335.34,337.2 0 0
ergo.services/ergo/testing/unit/node.go:339.29,341.2 0 0
ergo.services/ergo/testing/unit/node.go:343.66,345.2 1 0
ergo.services/ergo/testing/unit/node.go:347.45,353.2 2 0
ergo.services/ergo/testing/unit/node.go:355.53,362.2 2 0
ergo.services/ergo/testing/unit/node.go:364.62,372.2 2 0
ergo.services/ergo/testing/unit/node.go:374.95,382.2 2 0
ergo.services/ergo/testing/unit/node.go:384.92,393.2 2 0
ergo.services/ergo/testing/unit/node.go:395.60,402.2 2 0
ergo.services/ergo/testing/unit/node.go:404.84,412.2 2 0
ergo.services/ergo/testing/unit/node.go:414.108,422.2 2 0
ergo.services/ergo/testing/unit/node.go:424.93,432.2 3 0
ergo.services/ergo/testing/unit/node.go:434.58,437.2 2 0
ergo.services/ergo/testing/unit/node.go:439.63,445.2 2 0
ergo.services/ergo/testing/unit/node.go:447.35,449.2 1 0
ergo.services/ergo/testing/unit/node.go:451.72,453.2 1 0
ergo.services/ergo/testing/unit/node.go:455.79,457.2 1 0
ergo.services/ergo/testing/unit/node.go:459.72,461.2 1 0
ergo.services/ergo/testing/unit/node.go:463.79,465.2 1 0
ergo.services/ergo/testing/unit/node.go:467.40,469.31 2 0
ergo.services/ergo/testing/unit/node.go:469.31,471.3 1 0
ergo.services/ergo/testing/unit/node.go:472.2,472.14 1 0
ergo.services/ergo/testing/unit/node.go:475.90,477.2 1 0
ergo.services/ergo/testing/unit/node.go:479.101,482.2 2 0
ergo.services/ergo/testing/unit/node.go:484.51,486.2 0 0
ergo.services/ergo/testing/unit/node.go:488.47,490.2 1 0
ergo.services/ergo/testing/unit/node.go:492.62,494.2 1 0
ergo.services/ergo/testing/unit/node.go:496.39,498.2 1 0
ergo.services/ergo/testing/unit/node.go:500.48,502.2 1 0
ergo.services/ergo/testing/unit/node.go:504.35,510.2 1 0
ergo.services/ergo/testing/unit/node.go:512.38,514.2 1 1
ergo.services/ergo/testing/unit/node.go:516.44,518.2 0 0
ergo.services/ergo/testing/unit/node.go:522.54,524.2 1 0
ergo.services/ergo/testing/unit/node.go:526.48,528.2 1 0
ergo.services/ergo/testing/unit/node.go:531.73,537.2 1 1
ergo.services/ergo/testing/unit/node.go:540.64,546.2 1 1
ergo.services/ergo/testing/unit/node.go:549.51,552.20 2 1
ergo.services/ergo/testing/unit/node.go:552.20,554.3 1 0
ergo.services/ergo/testing/unit/node.go:556.2,556.23 1 1
ergo.services/ergo/testing/unit/node.go:556.23,558.3 1 0
ergo.services/ergo/testing/unit/node.go:560.2,560.44 1 1
ergo.services/ergo/testing/unit/node.go:560.44,562.3 1 0
ergo.services/ergo/testing/unit/node.go:564.2,570.12 4 1
ergo.services/ergo/testing/unit/node.go:574.52,577.41 2 1
ergo.services/ergo/testing/unit/node.go:577.41,579.3 1 0
ergo.services/ergo/testing/unit/node.go:581.2,587.12 4 1
ergo.services/ergo/testing/unit/node.go:591.52,594.41 2 0
ergo.services/ergo/testing/unit/node.go:594.41,596.3 1 0
ergo.services/ergo/testing/unit/node.go:599.2,602.12 3 0
ergo.services/ergo/testing/unit/node.go:606.53,609.41 2 0
ergo.services/ergo/testing/unit/node.go:609.41,611.3 1 0
ergo.services/ergo/testing/unit/node.go:614.2,617.12 3 0
ergo.services/ergo/testing/unit/node.go:621.41,626.20 3 0
ergo.services/ergo/testing/unit/node.go:626.20,628.3 1 0
ergo.services/ergo/testing/unit/node.go:630.2,634.33 4 0
ergo.services/ergo/testing/unit/node.go:634.33,644.3 2 0
ergo.services/ergo/testing/unit/node.go:646.2,646.13 1 0
ergo.services/ergo/testing/unit/node.go:650.69,654.13 3 1
ergo.services/ergo/testing/unit/node.go:654.13,656.3 1 0
ergo.services/ergo/testing/unit/node.go:658.2,667.21 2 1
ergo.services/ergo/testing/unit/node.go:671.90,679.64 4 0
ergo.services/ergo/testing/unit/node.go:679.64,687.29 2 0
ergo.services/ergo/testing/unit/node.go:687.29,689.4 1 0
ergo.services/ergo/testing/unit/node.go:691.3,691.33 1 0
ergo.services/ergo/testing/unit/node.go:691.33,693.4 1 0
ergo.services/ergo/testing/unit/node.go:696.2,696.17 1 0
ergo.services/ergo/testing/unit/node.go:700.109,701.40 1 0
ergo.services/ergo/testing/unit/node.go:701.40,703.3 1 0
ergo.services/ergo/testing/unit/node.go:705.2,710.64 4 0
ergo.services/ergo/testing/unit/node.go:710.64,712.3 1 0
ergo.services/ergo/testing/unit/node.go:714.2,714.22 1 0
ergo.services/ergo/testing/unit/node.go:718.46,721.2 2 0
ergo.services/ergo/testing/unit/node.go:724.43,726.2 1 0
ergo.services/ergo/testing/unit/node.go:729.53,733.13 3 0
ergo.services/ergo/testing/unit/node.go:733.13,735.3 1 0
ergo.services/ergo/testing/unit/node.go:738.2,739.20 2 0
ergo.services/ergo/testing/unit/node.go:739.20,741.3 1 0
ergo.services/ergo/testing/unit/node.go:744.2,751.12 3 0
ergo.services/ergo/testing/unit/process.go:30.107,37.24 2 1
ergo.services/ergo/testing/unit/process.go:37.24,39.3 1 1
ergo.services/ergo/testing/unit/process.go:41.2,60.11 3 1
ergo.services/ergo/testing/unit/process.go:65.38,67.2 1 1
ergo.services/ergo/testing/unit/process.go:69.40,71.2 1 0
ergo.services/ergo/testing/unit/process.go:73.58,77.2 3 0
ergo.services/ergo/testing/unit/process.go:79.47,80.19 1 0
ergo.services/ergo/testing/unit/process.go:80.19,83.3 2 0
ergo.services/ergo/testing/unit/process.go:84.2,84.12 1 0
ergo.services/ergo/testing/unit/process.go:87.41,89.2 1 0
ergo.services/ergo/testing/unit/process.go:91.41,93.2 1 0
ergo.services/ergo/testing/unit/process.go:95.40,97.2 1 1
ergo.services/ergo/testing/unit/process.go:99.55,101.2 1 1
ergo.services/ergo/testing/unit/process.go:103.49,105.2 1 1
ergo.services/ergo/testing/unit/process.go:107.39,109.2 1 0
ergo.services/ergo/testing/unit/process.go:111.56,119.2 2 1
ergo.services/ergo/testing/unit/process.go:121.98,129.2 2 0
ergo.services/ergo/testing/unit/process.go:131.65,140.2 2 0
ergo.services/ergo/testing/unit/process.go:142.100,150.36 2 1
ergo.services/ergo/testing/unit/process.go:150.36,150.51 1 0
ergo.services/ergo/testing/unit/process.go:153.82,162.2 2 1
ergo.services/ergo/testing/unit/process.go:164.84,173.2 2 1
ergo.services/ergo/testing/unit/process.go:175.63,183.2 3 1
ergo.services/ergo/testing/unit/process.go:185.87,194.2 3 1
ergo.services/ergo/testing/unit/process.go:196.105,204.2 3 1
ergo.services/ergo/testing/unit/process.go:206.72,214.2 3 0
ergo.services/ergo/testing/unit/process.go:216.83,225.2 3 0
ergo.services/ergo/testing/unit/process.go:227.95,236.2 3 0
ergo.services/ergo/testing/unit/process.go:238.87,247.2 3 0
ergo.services/ergo/testing/unit/process.go:249.116,265.2 4 1
ergo.services/ergo/testing/unit/process.go:267.105,282.2 4 1
ergo.services/ergo/testing/unit/process.go:284.65,290.2 2 1
ergo.services/ergo/testing/unit/process.go:292.71,298.2 2 0
ergo.services/ergo/testing/unit/process.go:300.57,313.2 4 1
ergo.services/ergo/testing/unit/process.go:315.59,318.2 1 0
ergo.services/ergo/testing/unit/process.go:320.46,322.2 1 0
ergo.services/ergo/testing/unit/process.go:325.47,328.2 2 1
ergo.services/ergo/testing/unit/process.go:330.49,333.2 2 0
ergo.services/ergo/testing/unit/process.go:335.54,337.2 1 0
ergo.services/ergo/testing/unit/process.go:339.56,341.2 1 0
ergo.services/ergo/testing/unit/process.go:343.66,345.2 1 0
ergo.services/ergo/testing/unit/process.go:347.68,349.2 1 0
ergo.services/ergo/testing/unit/process.go:351.58,353.2 1 1
ergo.services/ergo/testing/unit/process.go:355.60,357.2 1 0
ergo.services/ergo/testing/unit/process.go:359.80,362.2 2 0
ergo.services/ergo/testing/unit/process.go:364.60,366.2 1 0
ergo.services/ergo/testing/unit/process.go:368.56,370.2 1 0
ergo.services/ergo/testing/unit/process.go:372.58,374.2 1 0
ergo.services/ergo/testing/unit/process.go:377.50,380.2 2 1
ergo.services/ergo/testing/unit/process.go:382.52,385.2 2 1
ergo.services/ergo/testing/unit/process.go:387.54,389.2 1 0
ergo.services/ergo/testing/unit/process.go:391.56,393.2 1 0
ergo.services/ergo/testing/unit/process.go:395.70,397.2 1 0
ergo.services/ergo/testing/unit/process.go:399.72,401.2 1 0
ergo.services/ergo/testing/unit/process.go:403.60,405.2 1 1
ergo.services/ergo/testing/unit/process.go:407.62,409.2 1 0
ergo.services/ergo/testing/unit/process.go:411.82,414.2 2 0
ergo.services/ergo/testing/unit/process.go:416.62,418.2 1 0
ergo.services/ergo/testing/unit/process.go:420.57,422.2 1 0
ergo.services/ergo/testing/unit/process.go:424.59,426.2 1 0
ergo.services/ergo/testing/unit/process.go:429.96,437.2 3 1
ergo.services/ergo/testing/unit/process.go:439.61,442.2 2 0
ergo.services/ergo/testing/unit/process.go:444.83,451.2 2 1
ergo.services/ergo/testing/unit/process.go:453.122,461.2 2 0
ergo.services/ergo/testing/unit/process.go:464.54,467.2 2 1
ergo.services/ergo/testing/unit/process.go:469.62,470.41 1 1
ergo.services/ergo/testing/unit/process.go:470.41,472.3 1 1
ergo.services/ergo/testing/unit/process.go:473.2,473.12 1 1
ergo.services/ergo/testing/unit/process.go:476.50,478.27 2 1
ergo.services/ergo/testing/unit/process.go:478.27,480.3 1 1
ergo.services/ergo/testing/unit/process.go:481.2,481.15 1 1
ergo.services/ergo/testing/unit/process.go:484.56,485.19 1 1
ergo.services/ergo/testing/unit/process.go:485.19,487.3 1 0
ergo.services/ergo/testing/unit/process.go:488.2,488.22 1 1
ergo.services/ergo/testing/unit/process.go:492.38,494.2 1 1
ergo.services/ergo/testing/unit/process.go:497.76,500.2 2 0
ergo.services/ergo/testing/unit/process.go:502.59,504.2 1 0
ergo.services/ergo/testing/unit/process.go:506.67,509.2 2 0
ergo.services/ergo/testing/unit/process.go:511.49,513.2 1 0
ergo.services/ergo/testing/unit/process.go:516.43,518.2 1 0
ergo.services/ergo/testing/unit/process.go:520.59,523.2 1 0
ergo.services/ergo/testing/unit/process.go:525.62,527.2 1 0
ergo.services/ergo/testing/unit/process.go:529.76,532.2 1 0
ergo.services/ergo/testing/unit/process.go:534.64,536.2 1 0
ergo.services/ergo/testing/unit/process.go:538.78,541.2 1 0
ergo.services/ergo/testing/unit/process.go:543.51,545.2 1 0
ergo.services/ergo/testing/unit/process.go:547.69,550.2 1 0
ergo.services/ergo/testing/unit/process.go:552.62,555.2 1 0
ergo.services/ergo/testing/unit/process.go:557.48,559.2 1 0
ergo.services/ergo/testing/unit/process.go:562.63,564.2 1 0
ergo.services/ergo/testing/unit/process.go:566.75,568.2 1 0
ergo.services/ergo/testing/unit/process.go:570.67,572.2 1 0
ergo.services/ergo/testing/unit/process.go:575.143,577.16 2 0
ergo.services/ergo/testing/unit/process.go:577.16,579.3 1 0
ergo.services/ergo/testing/unit/process.go:581.2,582.17 2 0
ergo.services/ergo/testing/unit/process.go:585.124,602.2 4 1
ergo.services/ergo/testing/unit/process.go:604.151,622.2 4 1
ergo.services/ergo/testing/unit/process.go:625.91,628.2 1 0
ergo.services/ergo/testing/unit/process.go:630.95,633.2 1 0
ergo.services/ergo/testing/unit/process.go:636.44,638.2 1 0
ergo.services/ergo/testing/unit/process.go:641.53,643.2 1 1
ergo.services/ergo/testing/unit/process.go:645.56,652.2 1 0
ergo.services/ergo/testing/unit/process.go:654.71,658.2 1 0
ergo.services/ergo/testing/unit/process.go:660.109,668.2 2 0
ergo.services/ergo/testing/unit/process.go:671.76,674.2 1 0
ergo.services/ergo/testing/unit/process.go:676.78,679.2 1 0
ergo.services/ergo/testing/unit/process.go:681.95,684.2 1 0
ergo.services/ergo/testing/unit/process.go:686.56,688.2 0 0
ergo.services/ergo/testing/unit/process.go:690.93,695.2 1 0
ergo.services/ergo/testing/unit/registrar.go:31.55,52.2 3 1
ergo.services/ergo/testing/unit/registrar.go:56.111,60.15 3 0
ergo.services/ergo/testing/unit/registrar.go:60.15,62.3 1 0
ergo.services/ergo/testing/unit/registrar.go:64.2,68.52 3 0
ergo.services/ergo/testing/unit/registrar.go:68.52,69.54 1 0
ergo.services/ergo/testing/unit/registrar.go:69.54,71.4 1 0
ergo.services/ergo/testing/unit/registrar.go:71.9,73.4 1 0
ergo.services/ergo/testing/unit/registrar.go:77.2,77.48 1 0
ergo.services/ergo/testing/unit/registrar.go:77.48,78.57 1 0
ergo.services/ergo/testing/unit/registrar.go:78.57,80.4 1 0
ergo.services/ergo/testing/unit/registrar.go:80.9,82.4 1 0
ergo.services/ergo/testing/unit/registrar.go:86.2,94.8 4 0
ergo.services/ergo/testing/unit/registrar.go:97.49,99.2 1 1
ergo.services/ergo/testing/unit/registrar.go:101.58,105.15 3 0
ergo.services/ergo/testing/unit/registrar.go:105.15,107.3 1 0
ergo.services/ergo/testing/unit/registrar.go:110.2,115.45 2 0
ergo.services/ergo/testing/unit/registrar.go:115.45,117.3 1 0
ergo.services/ergo/testing/unit/registrar.go:117.8,119.3 1 0
ergo.services/ergo/testing/unit/registrar.go:121.2,121.12 1 0
ergo.services/ergo/testing/unit/registrar.go:124.60,128.15 3 0
ergo.services/ergo/testing/unit/registrar.go:128.15,130.3 1 0
ergo.services/ergo/testing/unit/registrar.go:133.2,133.43 1 0
ergo.services/ergo/testing/unit/registrar.go:133.43,135.32 2 0
ergo.services/ergo/testing/unit/registrar.go:135.32,136.36 1 0
ergo.services/ergo/testing/unit/registrar.go:136.36,138.5 1 0
ergo.services/ergo/testing/unit/registrar.go:140.3,140.25 1 0
ergo.services/ergo/testing/unit/registrar.go:140.25,142.4 1 0
ergo.services/ergo/testing/unit/registrar.go:142.9,144.4 1 0
ergo.services/ergo/testing/unit/registrar.go:147.2,147.12 1 0
ergo.services/ergo/testing/unit/registrar.go:150.84,154.15 3 1
ergo.services/ergo/testing/unit/registrar.go:154.15,156.3 1 0
ergo.services/ergo/testing/unit/registrar.go:158.2,158.50 1 1
ergo.services/ergo/testing/unit/registrar.go:158.50,161.42 2 0
ergo.services/ergo/testing/unit/registrar.go:161.42,162.40 1 0
ergo.services/ergo/testing/unit/registrar.go:162.40,165.10 3 0
ergo.services/ergo/testing/unit/registrar.go:168.3,168.15 1 0
ergo.services/ergo/testing/unit/registrar.go:168.15,170.4 1 0
ergo.services/ergo/testing/unit/registrar.go:171.8,173.3 1 1
ergo.services/ergo/testing/unit/registrar.go:175.2,175.12 1 1
ergo.services/ergo/testing/unit/registrar.go:178.73,182.15 3 0
ergo.services/ergo/testing/unit/registrar.go:182.15,184.3 1 0
ergo.services/ergo/testing/unit/registrar.go:187.2,187.42 1 0
ergo.services/ergo/testing/unit/registrar.go:187.42,189.32 2 0
ergo.services/ergo/testing/unit/registrar.go:189.32,190.35 1 0
ergo.services/ergo/testing/unit/registrar.go:190.35,192.5 1 0
ergo.services/ergo/testing/unit/registrar.go:194.3,194.25 1 0
ergo.services/ergo/testing/unit/registrar.go:194.25,196.4 1 0
ergo.services/ergo/testing/unit/registrar.go:196.9,198.4 1 0
ergo.services/ergo/testing/unit/registrar.go:201.2,201.12 1 0
ergo.services/ergo/testing/unit/registrar.go:204.53,208.15 3 1
ergo.services/ergo/testing/unit/registrar.go:208.15,210.3 1 0
ergo.services/ergo/testing/unit/registrar.go:212.2,213.28 2 1
ergo.services/ergo/testing/unit/registrar.go:213.28,215.3 1 0
ergo.services/ergo/testing/unit/registrar.go:217.2,217.19 1 1
ergo.services/ergo/testing/unit/registrar.go:220.73,224.15 3 1
ergo.services/ergo/testing/unit/registrar.go:224.15,226.3 1 0
ergo.services/ergo/testing/unit/registrar.go:228.2,230.21 2 1
ergo.services/ergo/testing/unit/registrar.go:230.21,232.30 1 0
ergo.services/ergo/testing/unit/registrar.go:232.30,234.4 1 0
ergo.services/ergo/testing/unit/registrar.go:235.8,237.30 1 1
ergo.services/ergo/testing/unit/registrar.go:237.30,238.45 1 1
ergo.services/ergo/testing/unit/registrar.go:238.45,240.5 1 1
ergo.services/ergo/testing/unit/registrar.go:244.2,244.20 1 1
ergo.services/ergo/testing/unit/registrar.go:247.62,251.15 3 0
ergo.services/ergo/testing/unit/registrar.go:251.15,253.3 1 0
ergo.services/ergo/testing/unit/registrar.go:255.2,255.43 1 0
ergo.services/ergo/testing/unit/registrar.go:255.43,257.3 1 0
ergo.services/ergo/testing/unit/registrar.go:259.2,259.28 1 0
ergo.services/ergo/testing/unit/registrar.go:262.52,266.15 3 0
ergo.services/ergo/testing/unit/registrar.go:266.15,268.3 1 0
ergo.services/ergo/testing/unit/registrar.go:271.2,271.24 1 0
ergo.services/ergo/testing/unit/registrar.go:271.24,276.3 1 0
ergo.services/ergo/testing/unit/registrar.go:278.2,278.21 1 0
ergo.services/ergo/testing/unit/registrar.go:281.50,286.2 3 1
ergo.services/ergo/testing/unit/registrar.go:288.37,299.2 7 0
ergo.services/ergo/testing/unit/registrar.go:301.47,303.2 1 0
ergo.services/ergo/testing/unit/registrar.go:307.58,311.2 3 1
ergo.services/ergo/testing/unit/registrar.go:313.68,317.2 3 1
ergo.services/ergo/testing/unit/registrar.go:319.51,323.2 3 0
ergo.services/ergo/testing/unit/registrar.go:327.70,331.27 3 1
ergo.services/ergo/testing/unit/registrar.go:331.27,333.3 1 0
ergo.services/ergo/testing/unit/registrar.go:335.2,335.55 1 1
ergo.services/ergo/testing/unit/registrar.go:335.55,340.3 3 1
ergo.services/ergo/testing/unit/registrar.go:342.2,342.28 1 1
ergo.services/ergo/testing/unit/registrar.go:345.80,349.27 3 0
ergo.services/ergo/testing/unit/registrar.go:349.27,351.3 1 0
ergo.services/ergo/testing/unit/registrar.go:353.2,353.57 1 0
ergo.services/ergo/testing/unit/registrar.go:353.57,358.3 3 0
ergo.services/ergo/testing/unit/registrar.go:360.2,360.28 1 0
ergo.services/ergo/testing/unit/registrar.go:363.92,367.27 3 1
ergo.services/ergo/testing/unit/registrar.go:367.27,369.3 1 0
ergo.services/ergo/testing/unit/registrar.go:371.2,371.54 1 1
ergo.services/ergo/testing/unit/registrar.go:371.54,376.3 3 1
ergo.services/ergo/testing/unit/registrar.go:378.2,378.28 1 1
ergo.services/ergo/testing/unit/test.go:43.46,44.33 1 1
ergo.services/ergo/testing/unit/test.go:44.33,46.3 1 1
ergo.services/ergo/testing/unit/test.go:50.42,51.33 1 1
ergo.services/ergo/testing/unit/test.go:51.33,53.3 1 1
ergo.services/ergo/testing/unit/test.go:57.40,58.33 1 0
ergo.services/ergo/testing/unit/test.go:58.33,60.3 1 0
ergo.services/ergo/testing/unit/test.go:64.41,65.33 1 0
ergo.services/ergo/testing/unit/test.go:65.33,67.3 1 0
ergo.services/ergo/testing/unit/test.go:71.41,72.33 1 1
ergo.services/ergo/testing/unit/test.go:72.33,74.3 1 1
ergo.services/ergo/testing/unit/test.go:78.93,89.30 3 1
ergo.services/ergo/testing/unit/test.go:89.30,91.3 1 1
ergo.services/ergo/testing/unit/test.go:94.2,117.9 8 1
ergo.services/ergo/testing/unit/test.go:117.9,118.63 1 1
ergo.services/ergo/testing/unit/test.go:118.63,120.4 1 0
ergo.services/ergo/testing/unit/test.go:123.2,123.16 1 1
ergo.services/ergo/testing/unit/test.go:127.72,144.49 10 1
ergo.services/ergo/testing/unit/test.go:144.49,146.39 1 0
ergo.services/ergo/testing/unit/test.go:146.39,148.4 1 0
ergo.services/ergo/testing/unit/test.go:151.2,151.11 1 1
ergo.services/ergo/testing/unit/test.go:155.66,176.49 13 1
ergo.services/ergo/testing/unit/test.go:176.49,178.39 1 0
ergo.services/ergo/testing/unit/test.go:178.39,181.4 2 0
ergo.services/ergo/testing/unit/test.go:185.2,189.23 3 1
ergo.services/ergo/testing/unit/test.go:189.23,191.3 1 1
ergo.services/ergo/testing/unit/test.go:193.2,200.3 1 1
ergo.services/ergo/testing/unit/test.go:204.67,206.31 2 1
ergo.services/ergo/testing/unit/test.go:206.31,207.57 1 1
ergo.services/ergo/testing/unit/test.go:207.57,208.32 1 1
ergo.services/ergo/testing/unit/test.go:208.32,210.5 1 1
ergo.services/ergo/testing/unit/test.go:212.3,212.59 1 1
ergo.services/ergo/testing/unit/test.go:212.59,213.29 1 1
ergo.services/ergo/testing/unit/test.go:213.29,215.5 1 1
ergo.services/ergo/testing/unit/test.go:218.2,218.17 1 1
ergo.services/ergo/testing/unit/test.go:232.75,240.2 2 1
ergo.services/ergo/testing/unit/test.go:243.81,251.2 2 1
ergo.services/ergo/testing/unit/test.go:254.79,262.2 2 0
ergo.services/ergo/testing/unit/test.go:265.92,273.2 2 1
ergo.services/ergo/testing/unit/test.go:276.55,278.2 1 1
ergo.services/ergo/testing/unit/test.go:281.53,283.2 1 1
ergo.services/ergo/testing/unit/test.go:286.45,288.2 1 1
ergo.services/ergo/testing/unit/test.go:291.38,293.2 1 1
ergo.services/ergo/testing/unit/test.go:296.36,298.2 1 1
ergo.services/ergo/testing/unit/test.go:301.65,304.2 2 0
ergo.services/ergo/testing/unit/test.go:307.49,309.2 1 0
ergo.services/ergo/testing/unit/test.go:312.39,314.6 1 1
ergo.services/ergo/testing/unit/test.go:314.6,316.10 2 1
ergo.services/ergo/testing/unit/test.go:316.10,317.9 1 1
ergo.services/ergo/testing/unit/test.go:319.3,319.59 1 1
ergo.services/ergo/testing/unit/test.go:323.2,325.15 3 1
ergo.services/ergo/testing/unit/test.go:329.47,331.6 1 1
ergo.services/ergo/testing/unit/test.go:331.6,333.10 2 1
ergo.services/ergo/testing/unit/test.go:333.10,334.9 1 1
ergo.services/ergo/testing/unit/test.go:338.2,339.11 2 1
ergo.services/ergo/testing/unit/test.go:343.39,347.2 2 1
ergo.services/ergo/testing/unit/test.go:350.40,352.22 2 1
ergo.services/ergo/testing/unit/test.go:352.22,354.3 1 0
ergo.services/ergo/testing/unit/test.go:355.2,355.30 1 1
ergo.services/ergo/testing/unit/test.go:359.50,365.2 1 1
ergo.services/ergo/testing/unit/test.go:367.53,372.2 1 1
ergo.services/ergo/testing/unit/test.go:374.52,380.2 1 1
ergo.services/ergo/testing/unit/test.go:382.60,388.2 1 1
ergo.services/ergo/testing/unit/test.go:390.48,396.2 1 1
ergo.services/ergo/testing/unit/test.go:398.50,404.2 1 1
ergo.services/ergo/testing/unit/test.go:409.59,416.2 1 1
ergo.services/ergo/testing/unit/test.go:419.62,426.2 1 1
ergo.services/ergo/testing/unit/test.go:429.62,436.2 1 0
ergo.services/ergo/testing/unit/test.go:439.63,446.2 1 0
ergo.services/ergo/testing/unit/test.go:449.72,455.2 1 0
ergo.services/ergo/testing/unit/test.go:460.58,463.2 2 0
ergo.services/ergo/testing/unit/test.go:466.51,469.2 2 0
ergo.services/ergo/testing/unit/test.go:472.67,474.42 2 1
ergo.services/ergo/testing/unit/test.go:474.42,476.26 2 0
ergo.services/ergo/testing/unit/test.go:476.26,478.4 1 0
ergo.services/ergo/testing/unit/test.go:479.3,479.61 1 0
ergo.services/ergo/testing/unit/test.go:483.70,485.41 2 0
ergo.services/ergo/testing/unit/test.go:485.41,487.26 2 0
ergo.services/ergo/testing/unit/test.go:487.26,489.4 1 0
ergo.services/ergo/testing/unit/test.go:490.3,490.69 1 0
ergo.services/ergo/testing/unit/test.go:494.60,496.16 2 1
ergo.services/ergo/testing/unit/test.go:496.16,498.26 2 0
ergo.services/ergo/testing/unit/test.go:498.26,500.4 1 0
ergo.services/ergo/testing/unit/test.go:501.3,501.15 1 0
ergo.services/ergo/testing/unit/test.go:505.61,507.15 2 1
ergo.services/ergo/testing/unit/test.go:507.15,509.26 2 0
ergo.services/ergo/testing/unit/test.go:509.26,511.4 1 0
ergo.services/ergo/testing/unit/test.go:512.3,512.15 1 0
ergo.services/ergo/testing/unit/test.go:516.54,518.18 2 1
ergo.services/ergo/testing/unit/test.go:518.18,520.26 2 0
ergo.services/ergo/testing/unit/test.go:520.26,522.4 1 0
ergo.services/ergo/testing/unit/test.go:523.3,523.51 1 0
ergo.services/ergo/testing/unit/test.go:527.57,529.18 2 1
ergo.services/ergo/testing/unit/test.go:529.18,531.26 2 0
ergo.services/ergo/testing/unit/test.go:531.26,533.4 1 0
ergo.services/ergo/testing/unit/test.go:534.3,534.15 1 0
ergo.services/ergo/testing/unit/test.go:538.73,540.41 2 0
ergo.services/ergo/testing/unit/test.go:540.41,542.26 2 0
ergo.services/ergo/testing/unit/test.go:542.26,544.4 1 0
ergo.services/ergo/testing/unit/test.go:545.3,545.67 1 0
ergo.services/ergo/testing/unit/test.go:549.71,551.59 2 0
ergo.services/ergo/testing/unit/test.go:551.59,553.26 2 0
ergo.services/ergo/testing/unit/test.go:553.26,555.4 1 0
ergo.services/ergo/testing/unit/test.go:556.3,556.69 1 0
ergo.services/ergo/testing/unit/test.go:561.48,563.2 1 1
ergo.services/ergo/testing/unit/test.go:566.86,568.2 1 1
ergo.services/ergo/testing/unit/test.go:571.75,573.2 1 1
ergo.services/ergo/testing/unit/test.go:576.70,579.2 2 1
ergo.services/ergo/testing/unit/test.go:582.64,584.16 2 1
ergo.services/ergo/testing/unit/test.go:584.16,586.3 1 1
ergo.services/ergo/testing/unit/test.go:587.2,588.12 2 1
ergo.services/ergo/testing/unit/test.go:592.54,594.2 1 1
ergo.services/ergo/testing/unit/test.go:597.66,603.2 1 1
ergo.services/ergo/testing/unit/test.go:606.69,611.2 1 0
ergo.services/ergo/testing/unit/test.go:614.76,620.2 1 1
ergo.services/ergo/testing/unit/test.go:623.79,628.2 1 0
